<?xml version="1.0" encoding="UTF-8"?>
<!-- Generated by org.testng.reporters.JUnitXMLReporter -->
<testsuite hostname="Deniss-MacBook-Air.local" ignored="0" name="Surefire test" tests="6" failures="0" timestamp="2020-08-18T17:35:28 CEST" time="0.057" errors="0">
  <testcase name="iosApps" time="0.006" classname="qaclickacademy.Mavenjava.AppiumTest"/>
  <testcase name="nativeAppAndroid" time="0.001" classname="qaclickacademy.Mavenjava.AppiumTest"/>
  <testcase name="browserAutomation" time="0.0" classname="qaclickacademy.Mavenjava.SeleniumTest"/>
  <testcase name="elementsui" time="0.0" classname="qaclickacademy.Mavenjava.SeleniumTest"/>
  <testcase name="deleteTwitter" time="0.0" classname="qaclickacademy.Mavenjava.RESTAPITest"/>
  <testcase name="postJira" time="0.001" classname="qaclickacademy.Mavenjava.RESTAPITest"/>
</testsuite> <!-- Surefire test -->
