<?xml version="1.0" encoding="UTF-8"?>
<!-- Generated by org.testng.reporters.JUnitXMLReporter -->
<testsuite hostname="Deniss-MacBook-Air.local" ignored="1" name="Default test" tests="1" failures="0" timestamp="2020-08-18T17:32:51 CEST" time="0.089" errors="0">
  <testcase name="iosApps" time="0.011" classname="qaclickacademy.Mavenjava.AppiumTest"/>
  <testcase name="nativeAppAndroid" time="0.0" classname="qaclickacademy.Mavenjava.AppiumTest">
    <ignored/>
  </testcase> <!-- nativeAppAndroid -->
</testsuite> <!-- Default test -->
