<?xml version="1.0" encoding="UTF-8"?>
<testng-results skipped="0" failed="0" ignored="0" total="6" passed="6">
  <reporter-output>
  </reporter-output>
  <suite name="Suite" duration-ms="91" started-at="2020-08-18T18:45:56 CEST" finished-at="2020-08-18T18:45:56 CEST">
    <groups>
    </groups>
    <test name="Test" duration-ms="91" started-at="2020-08-18T18:45:56 CEST" finished-at="2020-08-18T18:45:56 CEST">
      <class name="qaclickacademy.Mavenjava.AppiumTest">
        <test-method status="PASS" signature="iosApps()[pri:0, instance:qaclickacademy.Mavenjava.AppiumTest@210366b4]" name="iosApps" duration-ms="1" started-at="2020-08-18T18:45:56 CEST" finished-at="2020-08-18T18:45:56 CEST">
          <reporter-output>
          </reporter-output>
        </test-method> <!-- iosApps -->
        <test-method status="PASS" signature="nativeAppAndroid()[pri:0, instance:qaclickacademy.Mavenjava.AppiumTest@210366b4]" name="nativeAppAndroid" duration-ms="0" started-at="2020-08-18T18:45:56 CEST" finished-at="2020-08-18T18:45:56 CEST">
          <reporter-output>
          </reporter-output>
        </test-method> <!-- nativeAppAndroid -->
      </class> <!-- qaclickacademy.Mavenjava.AppiumTest -->
      <class name="qaclickacademy.Mavenjava.RESTAPITest">
        <test-method status="PASS" signature="deleteTwitter()[pri:0, instance:qaclickacademy.Mavenjava.RESTAPITest@335eadca]" name="deleteTwitter" duration-ms="9" started-at="2020-08-18T18:45:56 CEST" finished-at="2020-08-18T18:45:56 CEST">
          <reporter-output>
          </reporter-output>
        </test-method> <!-- deleteTwitter -->
        <test-method status="PASS" signature="postJira()[pri:0, instance:qaclickacademy.Mavenjava.RESTAPITest@335eadca]" name="postJira" duration-ms="0" started-at="2020-08-18T18:45:56 CEST" finished-at="2020-08-18T18:45:56 CEST">
          <reporter-output>
          </reporter-output>
        </test-method> <!-- postJira -->
      </class> <!-- qaclickacademy.Mavenjava.RESTAPITest -->
      <class name="qaclickacademy.Mavenjava.SeleniumTest">
        <test-method status="PASS" signature="browserAutomation()[pri:0, instance:qaclickacademy.Mavenjava.SeleniumTest@eec5a4a]" name="browserAutomation" duration-ms="0" started-at="2020-08-18T18:45:56 CEST" finished-at="2020-08-18T18:45:56 CEST">
          <reporter-output>
          </reporter-output>
        </test-method> <!-- browserAutomation -->
        <test-method status="PASS" signature="elementsui()[pri:0, instance:qaclickacademy.Mavenjava.SeleniumTest@eec5a4a]" name="elementsui" duration-ms="1" started-at="2020-08-18T18:45:56 CEST" finished-at="2020-08-18T18:45:56 CEST">
          <reporter-output>
          </reporter-output>
        </test-method> <!-- elementsui -->
      </class> <!-- qaclickacademy.Mavenjava.SeleniumTest -->
    </test> <!-- Test -->
  </suite> <!-- Suite -->
</testng-results>
