<?xml version="1.0" encoding="UTF-8"?>
<testsuite xmlns:xsi="http://www.w3.org/2001/XMLSchema-instance" xsi:noNamespaceSchemaLocation="https://maven.apache.org/surefire/maven-surefire-plugin/xsd/surefire-test-report-3.0.xsd" version="3.0" name="TestSuite" time="21.444" tests="6" errors="0" skipped="0" failures="0">
  <properties>
[...]
</properties>
  <testcase name="deleteTwitter" classname="qaclickacademy.Mavenjava.RESTAPITest" time="0.009">
    <system-out><![CDATA[deleteTwitter
]]></system-out>
  </testcase>
  <testcase name="postJira" classname="qaclickacademy.Mavenjava.RESTAPITest" time="0">
    <system-out><![CDATA[postJira
]]></system-out>
  </testcase>
  <testcase name="iosApps" classname="qaclickacademy.Mavenjava.AppiumTest" time="0.001">
    <system-out><![CDATA[IOSApps
]]></system-out>
  </testcase>
  <testcase name="nativeAppAndroid" classname="qaclickacademy.Mavenjava.AppiumTest" time="0">
    <system-out><![CDATA[nativeAppAndroid
]]></system-out>
  </testcase>
  <testcase name="browserAutomation" classname="qaclickacademy.Mavenjava.SeleniumTest" time="0.001">
    <system-out><![CDATA[browserAutomation
]]></system-out>
  </testcase>
  <testcase name="elementsui" classname="qaclickacademy.Mavenjava.SeleniumTest" time="0.001">
    <system-out><![CDATA[elementsUI
]]></system-out>
  </testcase>
</testsuite>