<?xml version="1.0" encoding="UTF-8"?>
<testng-results skipped="0" failed="0" ignored="1" total="2" passed="1">
  <reporter-output>
  </reporter-output>
  <suite name="Default suite" duration-ms="89" started-at="2020-08-18T17:32:46 CEST" finished-at="2020-08-18T17:32:46 CEST">
    <groups>
    </groups>
    <test name="Default test" duration-ms="89" started-at="2020-08-18T17:32:46 CEST" finished-at="2020-08-18T17:32:46 CEST">
      <class name="qaclickacademy.Mavenjava.AppiumTest">
        <test-method status="PASS" signature="iosApps()[pri:0, instance:qaclickacademy.Mavenjava.AppiumTest@7a1ebcd8]" name="iosApps" duration-ms="11" started-at="2020-08-18T17:32:46 CEST" finished-at="2020-08-18T17:32:46 CEST">
          <reporter-output>
          </reporter-output>
        </test-method> <!-- iosApps -->
      </class> <!-- qaclickacademy.Mavenjava.AppiumTest -->
    </test> <!-- Default test -->
  </suite> <!-- Default suite -->
</testng-results>
